Started GET "/" for 127.0.0.1 at 2017-10-09 11:45:18 +0200
Processing by ApplicationController#hello as HTML
  Rendering html template
  Rendered html template (0.0ms)
Completed 200 OK in 411ms (Views: 8.0ms)


  [1m[35m (0.1ms)[0m  [1m[34mSELECT sqlite_version(*)[0m
  [1m[35m (4.6ms)[0m  [1m[35mCREATE TABLE "schema_migrations" ("version" varchar NOT NULL PRIMARY KEY)[0m
  [1m[35m (4.1ms)[0m  [1m[35mCREATE TABLE "ar_internal_metadata" ("key" varchar NOT NULL PRIMARY KEY, "value" varchar, "created_at" datetime NOT NULL, "updated_at" datetime NOT NULL)[0m
  [1m[35m (0.7ms)[0m  [1m[34mSELECT "schema_migrations"."version" FROM "schema_migrations" ORDER BY "schema_migrations"."version" ASC[0m
Migrating to CreateUsers (20171009102336)
  [1m[35m (0.1ms)[0m  [1m[36mbegin transaction[0m
  [1m[35m (1.8ms)[0m  [1m[35mCREATE TABLE "users" ("id" INTEGER PRIMARY KEY AUTOINCREMENT NOT NULL, "name" varchar, "email" varchar, "created_at" datetime NOT NULL, "updated_at" datetime NOT NULL)[0m
  [1m[35mSQL (0.2ms)[0m  [1m[32mINSERT INTO "schema_migrations" ("version") VALUES (?)[0m  [["version", "20171009102336"]]
  [1m[35m (1.8ms)[0m  [1m[36mcommit transaction[0m
  [1m[36mActiveRecord::InternalMetadata Load (0.6ms)[0m  [1m[34mSELECT  "ar_internal_metadata".* FROM "ar_internal_metadata" WHERE "ar_internal_metadata"."key" = ? LIMIT ?[0m  [["key", "environment"], ["LIMIT", 1]]
  [1m[35m (0.2ms)[0m  [1m[36mbegin transaction[0m
  [1m[35mSQL (1.9ms)[0m  [1m[32mINSERT INTO "ar_internal_metadata" ("key", "value", "created_at", "updated_at") VALUES (?, ?, ?, ?)[0m  [["key", "environment"], ["value", "development"], ["created_at", "2017-10-09 10:26:45.309697"], ["updated_at", "2017-10-09 10:26:45.309697"]]
  [1m[35m (1.5ms)[0m  [1m[36mcommit transaction[0m
  [1m[35m (0.8ms)[0m  [1m[34mSELECT "schema_migrations"."version" FROM "schema_migrations" ORDER BY "schema_migrations"."version" ASC[0m
Started GET "/" for 127.0.0.1 at 2017-10-09 13:05:15 +0200
  [1m[35m (0.7ms)[0m  [1m[34mSELECT "schema_migrations"."version" FROM "schema_migrations" ORDER BY "schema_migrations"."version" ASC[0m
Processing by ApplicationController#hello as HTML
  Rendering html template
  Rendered html template (0.1ms)
Completed 200 OK in 16ms (Views: 9.7ms | ActiveRecord: 0.0ms)


Started GET "/" for 127.0.0.1 at 2017-10-09 13:05:19 +0200
Processing by ApplicationController#hello as HTML
  Rendering html template
  Rendered html template (0.0ms)
Completed 200 OK in 2ms (Views: 1.4ms | ActiveRecord: 0.0ms)


Started GET "/user" for 127.0.0.1 at 2017-10-09 13:05:23 +0200
  
ActionController::RoutingError (No route matches [GET] "/user"):
  
actionpack (5.1.4) lib/action_dispatch/middleware/debug_exceptions.rb:63:in `call'
web-console (3.5.1) lib/web_console/middleware.rb:135:in `call_app'
web-console (3.5.1) lib/web_console/middleware.rb:28:in `block in call'
web-console (3.5.1) lib/web_console/middleware.rb:18:in `catch'
web-console (3.5.1) lib/web_console/middleware.rb:18:in `call'
actionpack (5.1.4) lib/action_dispatch/middleware/show_exceptions.rb:31:in `call'
railties (5.1.4) lib/rails/rack/logger.rb:36:in `call_app'
railties (5.1.4) lib/rails/rack/logger.rb:24:in `block in call'
activesupport (5.1.4) lib/active_support/tagged_logging.rb:69:in `block in tagged'
activesupport (5.1.4) lib/active_support/tagged_logging.rb:26:in `tagged'
activesupport (5.1.4) lib/active_support/tagged_logging.rb:69:in `tagged'
railties (5.1.4) lib/rails/rack/logger.rb:24:in `call'
sprockets-rails (3.2.1) lib/sprockets/rails/quiet_assets.rb:13:in `call'
actionpack (5.1.4) lib/action_dispatch/middleware/remote_ip.rb:79:in `call'
actionpack (5.1.4) lib/action_dispatch/middleware/request_id.rb:25:in `call'
rack (2.0.3) lib/rack/method_override.rb:22:in `call'
rack (2.0.3) lib/rack/runtime.rb:22:in `call'
activesupport (5.1.4) lib/active_support/cache/strategy/local_cache_middleware.rb:27:in `call'
actionpack (5.1.4) lib/action_dispatch/middleware/executor.rb:12:in `call'
actionpack (5.1.4) lib/action_dispatch/middleware/static.rb:125:in `call'
rack (2.0.3) lib/rack/sendfile.rb:111:in `call'
railties (5.1.4) lib/rails/engine.rb:522:in `call'
puma (3.10.0) lib/puma/configuration.rb:225:in `call'
puma (3.10.0) lib/puma/server.rb:605:in `handle_request'
puma (3.10.0) lib/puma/server.rb:437:in `process_client'
puma (3.10.0) lib/puma/server.rb:301:in `block in run'
puma (3.10.0) lib/puma/thread_pool.rb:120:in `block in spawn_thread'
Started GET "/users" for 127.0.0.1 at 2017-10-09 13:05:31 +0200
Processing by UsersController#index as HTML
  Rendering users/index.html.erb within layouts/application
  [1m[36mUser Load (0.6ms)[0m  [1m[34mSELECT "users".* FROM "users"[0m
  Rendered users/index.html.erb within layouts/application (11.2ms)
Completed 200 OK in 1609ms (Views: 1590.2ms | ActiveRecord: 4.2ms)


Started GET "/users/1" for 127.0.0.1 at 2017-10-09 13:05:44 +0200
Processing by UsersController#show as HTML
  Parameters: {"id"=>"1"}
  [1m[36mUser Load (1.1ms)[0m  [1m[34mSELECT  "users".* FROM "users" WHERE "users"."id" = ? LIMIT ?[0m  [["id", 1], ["LIMIT", 1]]
Completed 404 Not Found in 17ms (ActiveRecord: 3.6ms)


  
ActiveRecord::RecordNotFound (Couldn't find User with 'id'=1):
  
app/controllers/users_controller.rb:67:in `set_user'
Started GET "/users/new" for 127.0.0.1 at 2017-10-09 13:05:49 +0200
Processing by UsersController#new as HTML
  Rendering users/new.html.erb within layouts/application
  Rendered users/_form.html.erb (21.4ms)
  Rendered users/new.html.erb within layouts/application (26.0ms)
Completed 200 OK in 93ms (Views: 78.7ms | ActiveRecord: 0.0ms)


Started POST "/users" for 127.0.0.1 at 2017-10-09 13:05:59 +0200
Processing by UsersController#create as HTML
  Parameters: {"utf8"=>"✓", "authenticity_token"=>"W96hhvQZvkJw+SCf5km2T9CyYEXFS+A2hSRDlQitNP9F29fhYKbCyxl3uSFSXqrP4GpuEEJzvk1EecF7thJ7hw==", "user"=>{"name"=>"Augusto", "email"=>"augustohcr@gmail.com"}, "commit"=>"Create User"}
  [1m[35m (0.2ms)[0m  [1m[36mbegin transaction[0m
  [1m[35mSQL (4.3ms)[0m  [1m[32mINSERT INTO "users" ("name", "email", "created_at", "updated_at") VALUES (?, ?, ?, ?)[0m  [["name", "Augusto"], ["email", "augustohcr@gmail.com"], ["created_at", "2017-10-09 11:05:59.317580"], ["updated_at", "2017-10-09 11:05:59.317580"]]
  [1m[35m (2.3ms)[0m  [1m[36mcommit transaction[0m
Redirected to http://localhost:3000/users/1
Completed 302 Found in 19ms (ActiveRecord: 6.8ms)


Started GET "/users/1" for 127.0.0.1 at 2017-10-09 13:05:59 +0200
Processing by UsersController#show as HTML
  Parameters: {"id"=>"1"}
  [1m[36mUser Load (0.7ms)[0m  [1m[34mSELECT  "users".* FROM "users" WHERE "users"."id" = ? LIMIT ?[0m  [["id", 1], ["LIMIT", 1]]
  Rendering users/show.html.erb within layouts/application
  Rendered users/show.html.erb within layouts/application (1.1ms)
Completed 200 OK in 64ms (Views: 55.1ms | ActiveRecord: 0.7ms)


Started GET "/users" for 127.0.0.1 at 2017-10-09 13:06:01 +0200
Processing by UsersController#index as HTML
  Rendering users/index.html.erb within layouts/application
  [1m[36mUser Load (1.0ms)[0m  [1m[34mSELECT "users".* FROM "users"[0m
  Rendered users/index.html.erb within layouts/application (5.1ms)
Completed 200 OK in 50ms (Views: 44.8ms | ActiveRecord: 1.0ms)


Started GET "/users/1" for 127.0.0.1 at 2017-10-09 13:06:03 +0200
Processing by UsersController#show as HTML
  Parameters: {"id"=>"1"}
  [1m[36mUser Load (1.5ms)[0m  [1m[34mSELECT  "users".* FROM "users" WHERE "users"."id" = ? LIMIT ?[0m  [["id", 1], ["LIMIT", 1]]
  Rendering users/show.html.erb within layouts/application
  Rendered users/show.html.erb within layouts/application (1.0ms)
Completed 200 OK in 49ms (Views: 41.3ms | ActiveRecord: 1.5ms)


Started GET "/users" for 127.0.0.1 at 2017-10-09 13:06:05 +0200
Processing by UsersController#index as HTML
  Rendering users/index.html.erb within layouts/application
  [1m[36mUser Load (0.8ms)[0m  [1m[34mSELECT "users".* FROM "users"[0m
  Rendered users/index.html.erb within layouts/application (3.4ms)
Completed 200 OK in 50ms (Views: 44.8ms | ActiveRecord: 0.8ms)


Started GET "/users/1/edit" for 127.0.0.1 at 2017-10-09 13:06:06 +0200
Processing by UsersController#edit as HTML
  Parameters: {"id"=>"1"}
  [1m[36mUser Load (1.0ms)[0m  [1m[34mSELECT  "users".* FROM "users" WHERE "users"."id" = ? LIMIT ?[0m  [["id", 1], ["LIMIT", 1]]
  Rendering users/edit.html.erb within layouts/application
  Rendered users/_form.html.erb (3.0ms)
  Rendered users/edit.html.erb within layouts/application (6.9ms)
Completed 200 OK in 60ms (Views: 53.6ms | ActiveRecord: 1.0ms)


Started GET "/users" for 127.0.0.1 at 2017-10-09 13:06:08 +0200
Processing by UsersController#index as HTML
  Rendering users/index.html.erb within layouts/application
  [1m[36mUser Load (1.1ms)[0m  [1m[34mSELECT "users".* FROM "users"[0m
  Rendered users/index.html.erb within layouts/application (4.3ms)
Completed 200 OK in 55ms (Views: 47.3ms | ActiveRecord: 1.1ms)


Started GET "/users" for 127.0.0.1 at 2017-10-09 14:07:05 +0200
Processing by UsersController#index as HTML
  Rendering users/index.html.erb within layouts/application
  [1m[36mUser Load (1.8ms)[0m  [1m[34mSELECT "users".* FROM "users"[0m
  Rendered users/index.html.erb within layouts/application (6.6ms)
Completed 200 OK in 76ms (Views: 66.6ms | ActiveRecord: 1.8ms)


Started DELETE "/users/1" for 127.0.0.1 at 2017-10-09 14:07:09 +0200
Processing by UsersController#destroy as HTML
  Parameters: {"authenticity_token"=>"yc0LNOm9GY6WRU8N/iuQtOiiPZJCCQOfOCRgBOAnz6cLQHqbhkdgxcvm3Gnaf9oObHJU0RMkVz5+KUq98wgfGQ==", "id"=>"1"}
  [1m[36mUser Load (1.1ms)[0m  [1m[34mSELECT  "users".* FROM "users" WHERE "users"."id" = ? LIMIT ?[0m  [["id", 1], ["LIMIT", 1]]
  [1m[35m (0.1ms)[0m  [1m[36mbegin transaction[0m
  [1m[35mSQL (2.2ms)[0m  [1m[31mDELETE FROM "users" WHERE "users"."id" = ?[0m  [["id", 1]]
  [1m[35m (2.8ms)[0m  [1m[36mcommit transaction[0m
Redirected to http://localhost:3000/users
Completed 302 Found in 15ms (ActiveRecord: 6.1ms)


Started GET "/users" for 127.0.0.1 at 2017-10-09 14:07:09 +0200
Processing by UsersController#index as HTML
  Rendering users/index.html.erb within layouts/application
  [1m[36mUser Load (1.1ms)[0m  [1m[34mSELECT "users".* FROM "users"[0m
  Rendered users/index.html.erb within layouts/application (3.7ms)
Completed 200 OK in 50ms (Views: 45.8ms | ActiveRecord: 1.1ms)


Started GET "/users/new" for 127.0.0.1 at 2017-10-09 14:07:12 +0200
Processing by UsersController#new as HTML
  Rendering users/new.html.erb within layouts/application
  Rendered users/_form.html.erb (3.0ms)
  Rendered users/new.html.erb within layouts/application (6.9ms)
Completed 200 OK in 58ms (Views: 48.9ms | ActiveRecord: 0.0ms)


Started POST "/users" for 127.0.0.1 at 2017-10-09 14:07:13 +0200
Processing by UsersController#create as HTML
  Parameters: {"utf8"=>"✓", "authenticity_token"=>"aCuepPwwJAoaOhls4S6u4xkneYrpFAJrB0nUBzuxKY52LujDaI9Yg3O0gNJVObJjKf93324sXBDGFFbphQ5m9g==", "user"=>{"name"=>"", "email"=>""}, "commit"=>"Create User"}
  [1m[35m (0.1ms)[0m  [1m[36mbegin transaction[0m
  [1m[35mSQL (3.4ms)[0m  [1m[32mINSERT INTO "users" ("name", "email", "created_at", "updated_at") VALUES (?, ?, ?, ?)[0m  [["name", ""], ["email", ""], ["created_at", "2017-10-09 12:07:13.936250"], ["updated_at", "2017-10-09 12:07:13.936250"]]
  [1m[35m (2.4ms)[0m  [1m[36mcommit transaction[0m
Redirected to http://localhost:3000/users/2
Completed 302 Found in 15ms (ActiveRecord: 5.9ms)


Started GET "/users/2" for 127.0.0.1 at 2017-10-09 14:07:13 +0200
Processing by UsersController#show as HTML
  Parameters: {"id"=>"2"}
  [1m[36mUser Load (0.9ms)[0m  [1m[34mSELECT  "users".* FROM "users" WHERE "users"."id" = ? LIMIT ?[0m  [["id", 2], ["LIMIT", 1]]
  Rendering users/show.html.erb within layouts/application
  Rendered users/show.html.erb within layouts/application (1.2ms)
Completed 200 OK in 52ms (Views: 44.7ms | ActiveRecord: 0.9ms)


Started GET "/users" for 127.0.0.1 at 2017-10-09 14:07:15 +0200
Processing by UsersController#index as HTML
  Rendering users/index.html.erb within layouts/application
  [1m[36mUser Load (0.8ms)[0m  [1m[34mSELECT "users".* FROM "users"[0m
  Rendered users/index.html.erb within layouts/application (3.4ms)
Completed 200 OK in 54ms (Views: 47.3ms | ActiveRecord: 0.8ms)


Started GET "/users/2/edit" for 127.0.0.1 at 2017-10-09 14:07:17 +0200
Processing by UsersController#edit as HTML
  Parameters: {"id"=>"2"}
  [1m[36mUser Load (0.9ms)[0m  [1m[34mSELECT  "users".* FROM "users" WHERE "users"."id" = ? LIMIT ?[0m  [["id", 2], ["LIMIT", 1]]
  Rendering users/edit.html.erb within layouts/application
  Rendered users/_form.html.erb (2.9ms)
  Rendered users/edit.html.erb within layouts/application (7.0ms)
Completed 200 OK in 56ms (Views: 48.7ms | ActiveRecord: 0.9ms)


Started GET "/users/2" for 127.0.0.1 at 2017-10-09 14:07:19 +0200
Processing by UsersController#show as HTML
  Parameters: {"id"=>"2"}
  [1m[36mUser Load (6.3ms)[0m  [1m[34mSELECT  "users".* FROM "users" WHERE "users"."id" = ? LIMIT ?[0m  [["id", 2], ["LIMIT", 1]]
  Rendering users/show.html.erb within layouts/application
  Rendered users/show.html.erb within layouts/application (1.2ms)
Completed 200 OK in 72ms (Views: 54.9ms | ActiveRecord: 6.3ms)


Started GET "/users" for 127.0.0.1 at 2017-10-09 14:07:20 +0200
Processing by UsersController#index as HTML
  Rendering users/index.html.erb within layouts/application
  [1m[36mUser Load (1.0ms)[0m  [1m[34mSELECT "users".* FROM "users"[0m
  Rendered users/index.html.erb within layouts/application (3.5ms)
Completed 200 OK in 52ms (Views: 43.7ms | ActiveRecord: 1.0ms)


Started DELETE "/users/2" for 127.0.0.1 at 2017-10-09 14:07:22 +0200
Processing by UsersController#destroy as HTML
  Parameters: {"authenticity_token"=>"/ntEuDBRskfnmPRRr8BKfcFpTZ/vuPeUIhbmnwOj2l889jUXX6vLDLo7ZzWLlADHRbkk3L6VozVkG8wmEIwK4Q==", "id"=>"2"}
  [1m[36mUser Load (1.1ms)[0m  [1m[34mSELECT  "users".* FROM "users" WHERE "users"."id" = ? LIMIT ?[0m  [["id", 2], ["LIMIT", 1]]
  [1m[35m (0.1ms)[0m  [1m[36mbegin transaction[0m
  [1m[35mSQL (2.2ms)[0m  [1m[31mDELETE FROM "users" WHERE "users"."id" = ?[0m  [["id", 2]]
  [1m[35m (3.6ms)[0m  [1m[36mcommit transaction[0m
Redirected to http://localhost:3000/users
Completed 302 Found in 20ms (ActiveRecord: 7.1ms)


Started GET "/users" for 127.0.0.1 at 2017-10-09 14:07:22 +0200
Processing by UsersController#index as HTML
  Rendering users/index.html.erb within layouts/application
  [1m[36mUser Load (1.8ms)[0m  [1m[34mSELECT "users".* FROM "users"[0m
  Rendered users/index.html.erb within layouts/application (4.0ms)
Completed 200 OK in 51ms (Views: 45.3ms | ActiveRecord: 1.8ms)


Started GET "/users/new" for 127.0.0.1 at 2017-10-09 14:07:23 +0200
Processing by UsersController#new as HTML
  Rendering users/new.html.erb within layouts/application
  Rendered users/_form.html.erb (2.1ms)
  Rendered users/new.html.erb within layouts/application (6.9ms)
Completed 200 OK in 52ms (Views: 46.7ms | ActiveRecord: 0.0ms)


Started POST "/users" for 127.0.0.1 at 2017-10-09 14:07:26 +0200
Processing by UsersController#create as HTML
  Parameters: {"utf8"=>"✓", "authenticity_token"=>"z3VpMg7b2/IHWvQgIrHkIDt1WHy7uwv7vFyDrOCWwmPRcB9VmmSne27UbZ6WpvigC61WKTyDVYB9AQFCXimNGw==", "user"=>{"name"=>"teste", "email"=>""}, "commit"=>"Create User"}
  [1m[35m (0.1ms)[0m  [1m[36mbegin transaction[0m
  [1m[35mSQL (2.2ms)[0m  [1m[32mINSERT INTO "users" ("name", "email", "created_at", "updated_at") VALUES (?, ?, ?, ?)[0m  [["name", "teste"], ["email", ""], ["created_at", "2017-10-09 12:07:26.411821"], ["updated_at", "2017-10-09 12:07:26.411821"]]
  [1m[35m (2.0ms)[0m  [1m[36mcommit transaction[0m
Redirected to http://localhost:3000/users/3
Completed 302 Found in 16ms (ActiveRecord: 4.3ms)


Started GET "/users/3" for 127.0.0.1 at 2017-10-09 14:07:26 +0200
Processing by UsersController#show as HTML
  Parameters: {"id"=>"3"}
  [1m[36mUser Load (0.7ms)[0m  [1m[34mSELECT  "users".* FROM "users" WHERE "users"."id" = ? LIMIT ?[0m  [["id", 3], ["LIMIT", 1]]
  Rendering users/show.html.erb within layouts/application
  Rendered users/show.html.erb within layouts/application (1.1ms)
Completed 200 OK in 47ms (Views: 40.7ms | ActiveRecord: 0.7ms)


Started GET "/users" for 127.0.0.1 at 2017-10-09 14:07:28 +0200
Processing by UsersController#index as HTML
  Rendering users/index.html.erb within layouts/application
  [1m[36mUser Load (1.0ms)[0m  [1m[34mSELECT "users".* FROM "users"[0m
  Rendered users/index.html.erb within layouts/application (4.9ms)
Completed 200 OK in 50ms (Views: 45.5ms | ActiveRecord: 1.0ms)


Started DELETE "/users/3" for 127.0.0.1 at 2017-10-09 14:07:30 +0200
Processing by UsersController#destroy as HTML
  Parameters: {"authenticity_token"=>"O0TkBXtSjYTmCAxpH/PfkFj73qz6149WQmb4ugT6zoD5yZWqFKj0z7urnw07p5Uq3Cu376v62/cEa9IDF9UePg==", "id"=>"3"}
  [1m[36mUser Load (1.4ms)[0m  [1m[34mSELECT  "users".* FROM "users" WHERE "users"."id" = ? LIMIT ?[0m  [["id", 3], ["LIMIT", 1]]
  [1m[35m (0.3ms)[0m  [1m[36mbegin transaction[0m
  [1m[35mSQL (2.0ms)[0m  [1m[31mDELETE FROM "users" WHERE "users"."id" = ?[0m  [["id", 3]]
  [1m[35m (2.4ms)[0m  [1m[36mcommit transaction[0m
Redirected to http://localhost:3000/users
Completed 302 Found in 18ms (ActiveRecord: 6.0ms)


Started GET "/users" for 127.0.0.1 at 2017-10-09 14:07:30 +0200
Processing by UsersController#index as HTML
  Rendering users/index.html.erb within layouts/application
  [1m[36mUser Load (0.9ms)[0m  [1m[34mSELECT "users".* FROM "users"[0m
  Rendered users/index.html.erb within layouts/application (3.7ms)
Completed 200 OK in 58ms (Views: 53.7ms | ActiveRecord: 0.9ms)


Started GET "/users/new" for 127.0.0.1 at 2017-10-09 14:07:31 +0200
Processing by UsersController#new as HTML
  Rendering users/new.html.erb within layouts/application
  Rendered users/_form.html.erb (2.3ms)
  Rendered users/new.html.erb within layouts/application (6.4ms)
Completed 200 OK in 52ms (Views: 46.1ms | ActiveRecord: 0.0ms)


Started POST "/users" for 127.0.0.1 at 2017-10-09 14:07:34 +0200
Processing by UsersController#create as HTML
  Parameters: {"utf8"=>"✓", "authenticity_token"=>"lxDB4okBG94zrRqFhArWeXjyKT27wykTiB9V6Qzev9eJFbeFHb5nV1ojgzswHcr5SConaDz7d2hJQtcHsmHwrw==", "user"=>{"name"=>"teste", "email"=>"tes"}, "commit"=>"Create User"}
  [1m[35m (0.1ms)[0m  [1m[36mbegin transaction[0m
  [1m[35mSQL (4.1ms)[0m  [1m[32mINSERT INTO "users" ("name", "email", "created_at", "updated_at") VALUES (?, ?, ?, ?)[0m  [["name", "teste"], ["email", "tes"], ["created_at", "2017-10-09 12:07:34.968762"], ["updated_at", "2017-10-09 12:07:34.968762"]]
  [1m[35m (2.0ms)[0m  [1m[36mcommit transaction[0m
Redirected to http://localhost:3000/users/4
Completed 302 Found in 14ms (ActiveRecord: 6.2ms)


Started GET "/users/4" for 127.0.0.1 at 2017-10-09 14:07:34 +0200
Processing by UsersController#show as HTML
  Parameters: {"id"=>"4"}
  [1m[36mUser Load (0.7ms)[0m  [1m[34mSELECT  "users".* FROM "users" WHERE "users"."id" = ? LIMIT ?[0m  [["id", 4], ["LIMIT", 1]]
  Rendering users/show.html.erb within layouts/application
  Rendered users/show.html.erb within layouts/application (1.0ms)
Completed 200 OK in 47ms (Views: 41.5ms | ActiveRecord: 0.7ms)


Started GET "/users" for 127.0.0.1 at 2017-10-09 14:07:36 +0200
Processing by UsersController#index as HTML
  Rendering users/index.html.erb within layouts/application
  [1m[36mUser Load (1.0ms)[0m  [1m[34mSELECT "users".* FROM "users"[0m
  Rendered users/index.html.erb within layouts/application (4.4ms)
Completed 200 OK in 51ms (Views: 44.2ms | ActiveRecord: 1.0ms)


Started DELETE "/users/4" for 127.0.0.1 at 2017-10-09 14:07:39 +0200
Processing by UsersController#destroy as HTML
  Parameters: {"authenticity_token"=>"EXmBdfavLTMYowzxd2s0RdLEnpKFYuFZ5m26LMnacETT9PDamVVUeEUAn5VTP37/VhT30dRPtfigYJCV2vWg+g==", "id"=>"4"}
  [1m[36mUser Load (0.8ms)[0m  [1m[34mSELECT  "users".* FROM "users" WHERE "users"."id" = ? LIMIT ?[0m  [["id", 4], ["LIMIT", 1]]
  [1m[35m (0.2ms)[0m  [1m[36mbegin transaction[0m
  [1m[35mSQL (2.0ms)[0m  [1m[31mDELETE FROM "users" WHERE "users"."id" = ?[0m  [["id", 4]]
  [1m[35m (1.9ms)[0m  [1m[36mcommit transaction[0m
Redirected to http://localhost:3000/users
Completed 302 Found in 15ms (ActiveRecord: 4.9ms)


Started GET "/users" for 127.0.0.1 at 2017-10-09 14:07:39 +0200
Processing by UsersController#index as HTML
  Rendering users/index.html.erb within layouts/application
  [1m[36mUser Load (0.9ms)[0m  [1m[34mSELECT "users".* FROM "users"[0m
  Rendered users/index.html.erb within layouts/application (3.2ms)
Completed 200 OK in 54ms (Views: 49.3ms | ActiveRecord: 0.9ms)


  [1m[35m (0.5ms)[0m  [1m[34mSELECT "schema_migrations"."version" FROM "schema_migrations" ORDER BY "schema_migrations"."version" ASC[0m
Migrating to CreateMicroposts (20171009124443)
  [1m[35m (0.1ms)[0m  [1m[36mbegin transaction[0m
  [1m[35m (0.2ms)[0m  [1m[34mSELECT sqlite_version(*)[0m
  [1m[35m (2.0ms)[0m  [1m[35mCREATE TABLE "microposts" ("id" INTEGER PRIMARY KEY AUTOINCREMENT NOT NULL, "content" text, "user_is" integer, "created_at" datetime NOT NULL, "updated_at" datetime NOT NULL)[0m
  [1m[35mSQL (0.3ms)[0m  [1m[32mINSERT INTO "schema_migrations" ("version") VALUES (?)[0m  [["version", "20171009124443"]]
  [1m[35m (2.2ms)[0m  [1m[36mcommit transaction[0m
  [1m[36mActiveRecord::InternalMetadata Load (0.8ms)[0m  [1m[34mSELECT  "ar_internal_metadata".* FROM "ar_internal_metadata" WHERE "ar_internal_metadata"."key" = ? LIMIT ?[0m  [["key", "environment"], ["LIMIT", 1]]
  [1m[35m (0.1ms)[0m  [1m[36mbegin transaction[0m
  [1m[35m (0.1ms)[0m  [1m[36mcommit transaction[0m
  [1m[35m (0.9ms)[0m  [1m[34mSELECT "schema_migrations"."version" FROM "schema_migrations" ORDER BY "schema_migrations"."version" ASC[0m
Started GET "/users/new" for 127.0.0.1 at 2017-10-09 14:52:20 +0200
  [1m[35m (0.6ms)[0m  [1m[34mSELECT "schema_migrations"."version" FROM "schema_migrations" ORDER BY "schema_migrations"."version" ASC[0m
Processing by UsersController#new as HTML
  Rendering users/new.html.erb within layouts/application
  Rendered users/_form.html.erb (19.3ms)
  Rendered users/new.html.erb within layouts/application (24.5ms)
Completed 200 OK in 463ms (Views: 438.7ms | ActiveRecord: 3.1ms)


Started POST "/users" for 127.0.0.1 at 2017-10-09 14:52:30 +0200
Processing by UsersController#create as HTML
  Parameters: {"utf8"=>"✓", "authenticity_token"=>"M5SF4McKGPT1ptgXurELR799G6cRspWVB0O2IkmpBzfxGfRPqPBhv6gFS3Oe5UH9O61y5ECfwTRBTpybWobXiQ==", "user"=>{"name"=>"Augusto Chaves Ramos", "email"=>"augustohcr@gmail.com"}, "commit"=>"Create User"}
  [1m[35m (0.1ms)[0m  [1m[36mbegin transaction[0m
  [1m[35mSQL (2.4ms)[0m  [1m[32mINSERT INTO "users" ("name", "email", "created_at", "updated_at") VALUES (?, ?, ?, ?)[0m  [["name", "Augusto Chaves Ramos"], ["email", "augustohcr@gmail.com"], ["created_at", "2017-10-09 12:52:30.343795"], ["updated_at", "2017-10-09 12:52:30.343795"]]
  [1m[35m (2.2ms)[0m  [1m[36mcommit transaction[0m
Redirected to http://localhost:3000/users/5
Completed 302 Found in 15ms (ActiveRecord: 4.7ms)


Started GET "/users/5" for 127.0.0.1 at 2017-10-09 14:52:30 +0200
Processing by UsersController#show as HTML
  Parameters: {"id"=>"5"}
  [1m[36mUser Load (0.9ms)[0m  [1m[34mSELECT  "users".* FROM "users" WHERE "users"."id" = ? LIMIT ?[0m  [["id", 5], ["LIMIT", 1]]
  Rendering users/show.html.erb within layouts/application
  Rendered users/show.html.erb within layouts/application (1.1ms)
Completed 200 OK in 68ms (Views: 57.6ms | ActiveRecord: 0.9ms)


Started GET "/users" for 127.0.0.1 at 2017-10-09 14:52:32 +0200
Processing by UsersController#index as HTML
  Rendering users/index.html.erb within layouts/application
  [1m[36mUser Load (0.8ms)[0m  [1m[34mSELECT "users".* FROM "users"[0m
  Rendered users/index.html.erb within layouts/application (3.8ms)
Completed 200 OK in 51ms (Views: 45.8ms | ActiveRecord: 0.8ms)


Started GET "/users/5/edit" for 127.0.0.1 at 2017-10-09 14:52:36 +0200
Processing by UsersController#edit as HTML
  Parameters: {"id"=>"5"}
  [1m[36mUser Load (0.8ms)[0m  [1m[34mSELECT  "users".* FROM "users" WHERE "users"."id" = ? LIMIT ?[0m  [["id", 5], ["LIMIT", 1]]
  Rendering users/edit.html.erb within layouts/application
  Rendered users/_form.html.erb (3.0ms)
  Rendered users/edit.html.erb within layouts/application (7.2ms)
Completed 200 OK in 57ms (Views: 50.0ms | ActiveRecord: 0.8ms)


Started GET "/users/new" for 127.0.0.1 at 2017-10-09 14:52:41 +0200
Processing by UsersController#new as HTML
  Rendering users/new.html.erb within layouts/application
  Rendered users/_form.html.erb (2.8ms)
  Rendered users/new.html.erb within layouts/application (7.3ms)
Completed 200 OK in 68ms (Views: 62.1ms | ActiveRecord: 0.0ms)


Started GET "/users" for 127.0.0.1 at 2017-10-09 14:52:44 +0200
Processing by UsersController#index as HTML
  Rendering users/index.html.erb within layouts/application
  [1m[36mUser Load (1.1ms)[0m  [1m[34mSELECT "users".* FROM "users"[0m
  Rendered users/index.html.erb within layouts/application (4.8ms)
Completed 200 OK in 53ms (Views: 47.0ms | ActiveRecord: 1.1ms)


Started GET "/users/5/edit" for 127.0.0.1 at 2017-10-09 14:53:02 +0200
Processing by UsersController#edit as HTML
  Parameters: {"id"=>"5"}
  [1m[36mUser Load (2.1ms)[0m  [1m[34mSELECT  "users".* FROM "users" WHERE "users"."id" = ? LIMIT ?[0m  [["id", 5], ["LIMIT", 1]]
  Rendering users/edit.html.erb within layouts/application
  Rendered users/_form.html.erb (3.7ms)
  Rendered users/edit.html.erb within layouts/application (10.5ms)
Completed 200 OK in 97ms (Views: 83.3ms | ActiveRecord: 2.1ms)


Started GET "/microposts" for 127.0.0.1 at 2017-10-09 14:53:08 +0200
Processing by MicropostsController#index as HTML
  Rendering microposts/index.html.erb within layouts/application
  [1m[36mMicropost Load (0.9ms)[0m  [1m[34mSELECT "microposts".* FROM "microposts"[0m
  Rendered microposts/index.html.erb within layouts/application (5.3ms)
Completed 200 OK in 64ms (Views: 52.4ms | ActiveRecord: 2.2ms)


Started GET "/microposts/new" for 127.0.0.1 at 2017-10-09 14:53:10 +0200
Processing by MicropostsController#new as HTML
  Rendering microposts/new.html.erb within layouts/application
  Rendered microposts/_form.html.erb (7.9ms)
  Rendered microposts/new.html.erb within layouts/application (11.6ms)
Completed 200 OK in 65ms (Views: 49.4ms | ActiveRecord: 2.7ms)


Started POST "/microposts" for 127.0.0.1 at 2017-10-09 14:53:20 +0200
Processing by MicropostsController#create as HTML
  Parameters: {"utf8"=>"✓", "authenticity_token"=>"+6aGWSoL3XdGXBcY8t/BWQgpWtEevo1HaLrvVpNHUMDlYRCZ6TFiQzSG2dtT+nCA32knIkQNaqul4FkByq2wPg==", "micropost"=>{"content"=>"Testando teste testoso", "user_is"=>"5"}, "commit"=>"Create Micropost"}
  [1m[35m (0.5ms)[0m  [1m[36mbegin transaction[0m
  [1m[35mSQL (2.4ms)[0m  [1m[32mINSERT INTO "microposts" ("content", "user_is", "created_at", "updated_at") VALUES (?, ?, ?, ?)[0m  [["content", "Testando teste testoso"], ["user_is", 5], ["created_at", "2017-10-09 12:53:20.568872"], ["updated_at", "2017-10-09 12:53:20.568872"]]
  [1m[35m (1.9ms)[0m  [1m[36mcommit transaction[0m
Redirected to http://localhost:3000/microposts/1
Completed 302 Found in 16ms (ActiveRecord: 4.8ms)


Started GET "/microposts/1" for 127.0.0.1 at 2017-10-09 14:53:20 +0200
Processing by MicropostsController#show as HTML
  Parameters: {"id"=>"1"}
  [1m[36mMicropost Load (0.9ms)[0m  [1m[34mSELECT  "microposts".* FROM "microposts" WHERE "microposts"."id" = ? LIMIT ?[0m  [["id", 1], ["LIMIT", 1]]
  Rendering microposts/show.html.erb within layouts/application
  Rendered microposts/show.html.erb within layouts/application (1.5ms)
Completed 200 OK in 49ms (Views: 41.4ms | ActiveRecord: 0.9ms)


Started GET "/microposts" for 127.0.0.1 at 2017-10-09 14:54:37 +0200
Processing by MicropostsController#index as HTML
  Rendering microposts/index.html.erb within layouts/application
  [1m[36mMicropost Load (0.7ms)[0m  [1m[34mSELECT "microposts".* FROM "microposts"[0m
  Rendered microposts/index.html.erb within layouts/application (3.4ms)
Completed 200 OK in 47ms (Views: 42.7ms | ActiveRecord: 0.7ms)


Started GET "/microposts/1/edit" for 127.0.0.1 at 2017-10-09 15:00:32 +0200
Processing by MicropostsController#edit as HTML
  Parameters: {"id"=>"1"}
  [1m[36mMicropost Load (0.5ms)[0m  [1m[34mSELECT  "microposts".* FROM "microposts" WHERE "microposts"."id" = ? LIMIT ?[0m  [["id", 1], ["LIMIT", 1]]
  Rendering microposts/edit.html.erb within layouts/application
  Rendered microposts/_form.html.erb (3.9ms)
  Rendered microposts/edit.html.erb within layouts/application (8.5ms)
Completed 200 OK in 88ms (Views: 62.6ms | ActiveRecord: 4.7ms)


Started PATCH "/microposts/1" for 127.0.0.1 at 2017-10-09 15:00:36 +0200
Processing by MicropostsController#update as HTML
  Parameters: {"utf8"=>"✓", "authenticity_token"=>"8k86bUMnE9CxRLwpAKLR6C94KFOIJ9RKvsOix1VROs6WnYpSpMCxefkMfm5EDKB2FrnxpH5p+WKEZE3tXpaikg==", "micropost"=>{"content"=>"Testando teste testosoTestando teste testosoTestando teste testosoTestando teste testosoTestando teste testosoTestando teste testosoTestando teste testosoTestando teste testosoTestando teste testosoTestando teste testosoTestando teste testosoTestando teste testosoTestando teste testosoTestando teste testosoTestando teste testosoTestando teste testosoTestando teste testosoTestando teste testosoTestando teste testosoTestando teste testosoTestando teste testosoTestando teste testosoTestando teste testosoTestando teste testosoTestando teste testosoTestando teste testosoTestando teste testosoTestando teste testosoTestando teste testosoTestando teste testosoTestando teste testosoTestando teste testosoTestando teste testosoTestando teste testosoTestando teste testosoTestando teste testosoTestando teste testosoTestando teste testosoTestando teste testosoTestando teste testosoTestando teste testosoTestando teste testosoTestando teste testosoTestando teste testosoTestando teste testosoTestando teste testosoTestando teste testosoTestando teste testosoTestando teste testosoTestando teste testosoTestando teste testosoTestando teste testosoTestando teste testosoTestando teste testosoTestando teste testosoTestando teste testosoTestando teste testoso", "user_is"=>"5"}, "commit"=>"Update Micropost", "id"=>"1"}
  [1m[36mMicropost Load (1.5ms)[0m  [1m[34mSELECT  "microposts".* FROM "microposts" WHERE "microposts"."id" = ? LIMIT ?[0m  [["id", 1], ["LIMIT", 1]]
  [1m[35m (0.1ms)[0m  [1m[36mbegin transaction[0m
  [1m[35m (0.1ms)[0m  [1m[31mrollback transaction[0m
  Rendering microposts/edit.html.erb within layouts/application
  Rendered microposts/_form.html.erb (2.6ms)
  Rendered microposts/edit.html.erb within layouts/application (7.1ms)
Completed 200 OK in 59ms (Views: 49.3ms | ActiveRecord: 1.6ms)


Started GET "/microposts" for 127.0.0.1 at 2017-10-09 15:00:39 +0200
Processing by MicropostsController#index as HTML
  Rendering microposts/index.html.erb within layouts/application
  [1m[36mMicropost Load (1.0ms)[0m  [1m[34mSELECT "microposts".* FROM "microposts"[0m
  Rendered microposts/index.html.erb within layouts/application (3.6ms)
Completed 200 OK in 56ms (Views: 50.3ms | ActiveRecord: 1.0ms)


  [1m[36mUser Load (0.7ms)[0m  [1m[34mSELECT  "users".* FROM "users" ORDER BY "users"."id" ASC LIMIT ?[0m  [["LIMIT", 1]]
  [1m[36mUser Load (0.7ms)[0m  [1m[34mSELECT  "users".* FROM "users" ORDER BY "users"."id" ASC LIMIT ?[0m  [["LIMIT", 1]]
  [1m[36mMicropost Load (0.8ms)[0m  [1m[34mSELECT  "microposts".* FROM "microposts" WHERE "microposts"."user_id" = ? LIMIT ?[0m  [["user_id", 5], ["LIMIT", 11]]
  [1m[36mMicropost Load (1.1ms)[0m  [1m[34mSELECT  "microposts".* FROM "microposts" WHERE "microposts"."user_id" = ? LIMIT ?[0m  [["user_id", 5], ["LIMIT", 11]]
  [1m[36mMicropost Load (0.6ms)[0m  [1m[34mSELECT  "microposts".* FROM "microposts" ORDER BY "microposts"."id" ASC LIMIT ?[0m  [["LIMIT", 1]]
  [1m[36mMicropost Load (1.1ms)[0m  [1m[34mSELECT  "microposts".* FROM "microposts" WHERE "microposts"."user_id" = ? LIMIT ?[0m  [["user_id", 5], ["LIMIT", 11]]
  [1m[36mMicropost Load (1.2ms)[0m  [1m[34mSELECT  "microposts".* FROM "microposts" WHERE "microposts"."user_id" = ? ORDER BY "microposts"."id" ASC LIMIT ?[0m  [["user_id", 5], ["LIMIT", 1]]
  [1m[36mMicropost Load (0.7ms)[0m  [1m[34mSELECT  "microposts".* FROM "microposts" ORDER BY "microposts"."id" ASC LIMIT ?[0m  [["LIMIT", 1]]
  [1m[36mMicropost Load (0.8ms)[0m  [1m[34mSELECT  "microposts".* FROM "microposts" ORDER BY "microposts"."id" ASC LIMIT ?[0m  [["LIMIT", 1]]
  [1m[35m (0.9ms)[0m  [1m[34mSELECT "schema_migrations"."version" FROM "schema_migrations" ORDER BY "schema_migrations"."version" ASC[0m
Migrating to RenameUserIsToUserId (20171010064745)
  [1m[35m (0.1ms)[0m  [1m[36mbegin transaction[0m
  [1m[35m (0.1ms)[0m  [1m[31mrollback transaction[0m
  [1m[36mUser Load (0.5ms)[0m  [1m[34mSELECT  "users".* FROM "users" ORDER BY "users"."id" ASC LIMIT ?[0m  [["LIMIT", 1]]
  [1m[36mMicropost Load (0.8ms)[0m  [1m[34mSELECT  "microposts".* FROM "microposts" WHERE "microposts"."user_id" = ? LIMIT ?[0m  [["user_id", 5], ["LIMIT", 11]]
  [1m[36mMicropost Load (0.5ms)[0m  [1m[34mSELECT  "microposts".* FROM "microposts" ORDER BY "microposts"."id" ASC LIMIT ?[0m  [["LIMIT", 1]]
  [1m[35m (0.7ms)[0m  [1m[34mSELECT "schema_migrations"."version" FROM "schema_migrations" ORDER BY "schema_migrations"."version" ASC[0m
Migrating to RenameUserIsToUserId (20171010064745)
  [1m[35m (0.1ms)[0m  [1m[36mbegin transaction[0m
  [1m[35m (0.1ms)[0m  [1m[31mrollback transaction[0m
  [1m[35m (0.6ms)[0m  [1m[34mSELECT "schema_migrations"."version" FROM "schema_migrations" ORDER BY "schema_migrations"."version" ASC[0m
Migrating to ChangeColumnName (20171010065300)
  [1m[35m (0.1ms)[0m  [1m[36mbegin transaction[0m
  [1m[35m (0.1ms)[0m  [1m[31mrollback transaction[0m
  [1m[35m (0.6ms)[0m  [1m[34mSELECT "schema_migrations"."version" FROM "schema_migrations" ORDER BY "schema_migrations"."version" ASC[0m
Migrating to ChangeColumnName (20171010065300)
  [1m[35m (0.1ms)[0m  [1m[36mbegin transaction[0m
  [1m[35m (0.1ms)[0m  [1m[34mSELECT sqlite_version(*)[0m
  [1m[35m (2.0ms)[0m  [1m[35mCREATE TEMPORARY TABLE "aMicroposts" ("id" INTEGER PRIMARY KEY AUTOINCREMENT NOT NULL, "content" text DEFAULT NULL, "user_id" integer DEFAULT NULL, "created_at" datetime NOT NULL, "updated_at" datetime NOT NULL)[0m
  [1m[35m (1.6ms)[0m  [1m[32mINSERT INTO "aMicroposts" ("id","content","user_id","created_at","updated_at")
                     SELECT "id","content","user_is","created_at","updated_at" FROM "Microposts"[0m
  [1m[35m (2.5ms)[0m  [1m[35mDROP TABLE "Microposts"[0m
  [1m[35m (0.2ms)[0m  [1m[35mCREATE TABLE "Microposts" ("id" INTEGER PRIMARY KEY AUTOINCREMENT NOT NULL, "content" text DEFAULT NULL, "user_id" integer DEFAULT NULL, "created_at" datetime NOT NULL, "updated_at" datetime NOT NULL)[0m
  [1m[35m (1.8ms)[0m  [1m[32mINSERT INTO "Microposts" ("id","content","user_id","created_at","updated_at")
                     SELECT "id","content","user_id","created_at","updated_at" FROM "aMicroposts"[0m
  [1m[35m (0.4ms)[0m  [1m[35mDROP TABLE "aMicroposts"[0m
  [1m[35mSQL (0.3ms)[0m  [1m[32mINSERT INTO "schema_migrations" ("version") VALUES (?)[0m  [["version", "20171010065300"]]
  [1m[35m (3.7ms)[0m  [1m[36mcommit transaction[0m
  [1m[36mActiveRecord::InternalMetadata Load (1.0ms)[0m  [1m[34mSELECT  "ar_internal_metadata".* FROM "ar_internal_metadata" WHERE "ar_internal_metadata"."key" = ? LIMIT ?[0m  [["key", "environment"], ["LIMIT", 1]]
  [1m[35m (0.1ms)[0m  [1m[36mbegin transaction[0m
  [1m[35m (0.1ms)[0m  [1m[36mcommit transaction[0m
  [1m[35m (0.5ms)[0m  [1m[34mSELECT "schema_migrations"."version" FROM "schema_migrations" ORDER BY "schema_migrations"."version" ASC[0m
  [1m[36mMicropost Load (0.7ms)[0m  [1m[34mSELECT  "microposts".* FROM "microposts" ORDER BY "microposts"."id" ASC LIMIT ?[0m  [["LIMIT", 1]]
Started GET "/microposts" for 127.0.0.1 at 2017-10-10 08:57:06 +0200
  [1m[35m (0.6ms)[0m  [1m[34mSELECT "schema_migrations"."version" FROM "schema_migrations" ORDER BY "schema_migrations"."version" ASC[0m
Processing by MicropostsController#index as HTML
  Rendering microposts/index.html.erb within layouts/application
  [1m[36mMicropost Load (0.7ms)[0m  [1m[34mSELECT "microposts".* FROM "microposts"[0m
  Rendered microposts/index.html.erb within layouts/application (25.0ms)
Completed 500 Internal Server Error in 68ms (ActiveRecord: 2.8ms)


  
ActionView::Template::Error (undefined method `user_is' for #<Micropost >
Did you mean?  user):
    15:     <% @microposts.each do |micropost| %>
    16:       <tr>
    17:         <td><%= micropost.content %></td>
    18:         <td><%= micropost.user_is %></td>
    19:         <td><%= link_to 'Show', micropost %></td>
    20:         <td><%= link_to 'Edit', edit_micropost_path(micropost) %></td>
    21:         <td><%= link_to 'Destroy', micropost, method: :delete, data: { confirm: 'Are you sure?' } %></td>
  
app/views/microposts/index.html.erb:18:in `block in _app_views_microposts_index_html_erb__3000342127688208828_26809480'
app/views/microposts/index.html.erb:15:in `_app_views_microposts_index_html_erb__3000342127688208828_26809480'
Started GET "/microposts" for 127.0.0.1 at 2017-10-10 08:57:12 +0200
Processing by MicropostsController#index as HTML
  Rendering microposts/index.html.erb within layouts/application
  [1m[36mMicropost Load (0.5ms)[0m  [1m[34mSELECT "microposts".* FROM "microposts"[0m
  Rendered microposts/index.html.erb within layouts/application (14.6ms)
Completed 500 Internal Server Error in 29ms (ActiveRecord: 1.5ms)


  
ActionView::Template::Error (undefined method `user_is' for #<Micropost >
Did you mean?  user):
    15:     <% @microposts.each do |micropost| %>
    16:       <tr>
    17:         <td><%= micropost.content %></td>
    18:         <td><%= micropost.user_is %></td>
    19:         <td><%= link_to 'Show', micropost %></td>
    20:         <td><%= link_to 'Edit', edit_micropost_path(micropost) %></td>
    21:         <td><%= link_to 'Destroy', micropost, method: :delete, data: { confirm: 'Are you sure?' } %></td>
  
app/views/microposts/index.html.erb:18:in `block in _app_views_microposts_index_html_erb__3000342127688208828_70175839791560'
app/views/microposts/index.html.erb:15:in `_app_views_microposts_index_html_erb__3000342127688208828_70175839791560'
Started GET "/microposts" for 127.0.0.1 at 2017-10-10 08:58:28 +0200
Processing by MicropostsController#index as HTML
  Rendering microposts/index.html.erb within layouts/application
  [1m[36mMicropost Load (0.8ms)[0m  [1m[34mSELECT "microposts".* FROM "microposts"[0m
  Rendered microposts/index.html.erb within layouts/application (12.0ms)
Completed 500 Internal Server Error in 25ms (ActiveRecord: 0.8ms)


  
ActionView::Template::Error (undefined method `user_is' for #<Micropost >
Did you mean?  user):
    15:     <% @microposts.each do |micropost| %>
    16:       <tr>
    17:         <td><%= micropost.content %></td>
    18:         <td><%= micropost.user_is %></td>
    19:         <td><%= link_to 'Show', micropost %></td>
    20:         <td><%= link_to 'Edit', edit_micropost_path(micropost) %></td>
    21:         <td><%= link_to 'Destroy', micropost, method: :delete, data: { confirm: 'Are you sure?' } %></td>
  
app/views/microposts/index.html.erb:18:in `block in _app_views_microposts_index_html_erb__3000342127688208828_70175841002940'
app/views/microposts/index.html.erb:15:in `_app_views_microposts_index_html_erb__3000342127688208828_70175841002940'
Started GET "/microposts" for 127.0.0.1 at 2017-10-10 08:59:59 +0200
Processing by MicropostsController#index as HTML
  Rendering microposts/index.html.erb within layouts/application
  [1m[36mMicropost Load (0.5ms)[0m  [1m[34mSELECT "microposts".* FROM "microposts"[0m
  Rendered microposts/index.html.erb within layouts/application (9.6ms)
Completed 200 OK in 341ms (Views: 329.6ms | ActiveRecord: 3.5ms)


Started GET "/microposts/1" for 127.0.0.1 at 2017-10-10 09:00:12 +0200
Processing by MicropostsController#show as HTML
  Parameters: {"id"=>"1"}
  [1m[36mMicropost Load (0.8ms)[0m  [1m[34mSELECT  "microposts".* FROM "microposts" WHERE "microposts"."id" = ? LIMIT ?[0m  [["id", 1], ["LIMIT", 1]]
  Rendering microposts/show.html.erb within layouts/application
  Rendered microposts/show.html.erb within layouts/application (1.1ms)
Completed 200 OK in 61ms (Views: 42.2ms | ActiveRecord: 0.8ms)


  [1m[36mMicropost Load (0.6ms)[0m  [1m[34mSELECT  "microposts".* FROM "microposts" ORDER BY "microposts"."id" ASC LIMIT ?[0m  [["LIMIT", 1]]
  [1m[36mUser Load (0.5ms)[0m  [1m[34mSELECT  "users".* FROM "users" ORDER BY "users"."id" ASC LIMIT ?[0m  [["LIMIT", 1]]
Started GET "/microposts/new" for 127.0.0.1 at 2017-10-10 09:01:12 +0200
  [1m[35m (1.1ms)[0m  [1m[34mSELECT "schema_migrations"."version" FROM "schema_migrations" ORDER BY "schema_migrations"."version" ASC[0m
Processing by MicropostsController#new as HTML
  Rendering microposts/new.html.erb within layouts/application
  Rendered microposts/_form.html.erb (32.9ms)
  Rendered microposts/new.html.erb within layouts/application (39.4ms)
Completed 200 OK in 379ms (Views: 349.1ms | ActiveRecord: 2.2ms)


Started POST "/microposts" for 127.0.0.1 at 2017-10-10 09:01:23 +0200
Processing by MicropostsController#create as HTML
  Parameters: {"utf8"=>"✓", "authenticity_token"=>"vfIadNpmc6J+lfD+QtF1iixLf49fmOSayGZxoYT+Y4F/f2vbtZwK6SM2Y5pmhT8wqJsWzA61sDuOa1sYl9GzPw==", "micropost"=>{"content"=>"testando aqui", "user_id"=>"5"}, "commit"=>"Create Micropost"}
  [1m[35m (0.1ms)[0m  [1m[36mbegin transaction[0m
  [1m[36mUser Load (0.3ms)[0m  [1m[34mSELECT  "users".* FROM "users" WHERE "users"."id" = ? LIMIT ?[0m  [["id", 5], ["LIMIT", 1]]
  [1m[35mSQL (1.7ms)[0m  [1m[32mINSERT INTO "microposts" ("content", "user_id", "created_at", "updated_at") VALUES (?, ?, ?, ?)[0m  [["content", "testando aqui"], ["user_id", 5], ["created_at", "2017-10-10 07:01:23.465462"], ["updated_at", "2017-10-10 07:01:23.465462"]]
  [1m[35m (2.6ms)[0m  [1m[36mcommit transaction[0m
Redirected to http://localhost:3000/microposts/2
Completed 302 Found in 86ms (ActiveRecord: 8.8ms)


Started GET "/microposts/2" for 127.0.0.1 at 2017-10-10 09:01:23 +0200
Processing by MicropostsController#show as HTML
  Parameters: {"id"=>"2"}
  [1m[36mMicropost Load (0.9ms)[0m  [1m[34mSELECT  "microposts".* FROM "microposts" WHERE "microposts"."id" = ? LIMIT ?[0m  [["id", 2], ["LIMIT", 1]]
  Rendering microposts/show.html.erb within layouts/application
  Rendered microposts/show.html.erb within layouts/application (1.8ms)
Completed 200 OK in 57ms (Views: 50.4ms | ActiveRecord: 0.9ms)


Started GET "/microposts" for 127.0.0.1 at 2017-10-10 09:01:26 +0200
Processing by MicropostsController#index as HTML
  Rendering microposts/index.html.erb within layouts/application
  [1m[36mMicropost Load (0.9ms)[0m  [1m[34mSELECT "microposts".* FROM "microposts"[0m
  Rendered microposts/index.html.erb within layouts/application (4.0ms)
Completed 200 OK in 65ms (Views: 58.2ms | ActiveRecord: 0.9ms)


  [1m[36mMicropost Load (0.6ms)[0m  [1m[34mSELECT  "microposts".* FROM "microposts" ORDER BY "microposts"."id" ASC LIMIT ?[0m  [["LIMIT", 1]]
  [1m[36mUser Load (0.5ms)[0m  [1m[34mSELECT  "users".* FROM "users" ORDER BY "users"."id" ASC LIMIT ?[0m  [["LIMIT", 1]]
  [1m[36mMicropost Load (0.7ms)[0m  [1m[34mSELECT  "microposts".* FROM "microposts" WHERE "microposts"."user_id" = ? LIMIT ?[0m  [["user_id", 5], ["LIMIT", 11]]
  [1m[36mMicropost Load (1.0ms)[0m  [1m[34mSELECT  "microposts".* FROM "microposts" WHERE "microposts"."user_id" = ? ORDER BY "microposts"."id" ASC LIMIT ?[0m  [["user_id", 5], ["LIMIT", 1]]
  [1m[36mMicropost Load (0.9ms)[0m  [1m[34mSELECT  "microposts".* FROM "microposts" WHERE "microposts"."user_id" = ? ORDER BY "microposts"."id" ASC LIMIT ?[0m  [["user_id", 5], ["LIMIT", 1]]
Started GET "/microposts" for 127.0.0.1 at 2017-10-10 09:17:55 +0200
  [1m[35m (0.7ms)[0m  [1m[34mSELECT "schema_migrations"."version" FROM "schema_migrations" ORDER BY "schema_migrations"."version" ASC[0m
Processing by MicropostsController#index as HTML
  Rendering microposts/index.html.erb within layouts/application
  [1m[36mMicropost Load (0.8ms)[0m  [1m[34mSELECT "microposts".* FROM "microposts"[0m
  Rendered microposts/index.html.erb within layouts/application (15.3ms)
Completed 200 OK in 368ms (Views: 338.0ms | ActiveRecord: 2.9ms)


Started GET "/microposts/new" for 127.0.0.1 at 2017-10-10 09:18:01 +0200
Processing by MicropostsController#new as HTML
  Rendering microposts/new.html.erb within layouts/application
  Rendered microposts/_form.html.erb (28.1ms)
  Rendered microposts/new.html.erb within layouts/application (32.5ms)
Completed 200 OK in 85ms (Views: 79.3ms | ActiveRecord: 0.0ms)


Started POST "/microposts" for 127.0.0.1 at 2017-10-10 09:18:03 +0200
Processing by MicropostsController#create as HTML
  Parameters: {"utf8"=>"✓", "authenticity_token"=>"3X5zRUlyEPH8uu5mmfeKjrz73yypPYJsNc9wSaawLXHDueWFikivxY5gIKU40jtXa7ui3/OOZYD4lcYe/1rNjw==", "micropost"=>{"content"=>"", "user_id"=>""}, "commit"=>"Create Micropost"}
  [1m[35m (0.1ms)[0m  [1m[36mbegin transaction[0m
  [1m[35m (0.1ms)[0m  [1m[31mrollback transaction[0m
  Rendering microposts/new.html.erb within layouts/application
  Rendered microposts/_form.html.erb (3.4ms)
  Rendered microposts/new.html.erb within layouts/application (7.9ms)
Completed 200 OK in 114ms (Views: 70.5ms | ActiveRecord: 1.3ms)


Started GET "/users" for 127.0.0.1 at 2017-10-10 09:18:12 +0200
Processing by UsersController#index as HTML
  Rendering users/index.html.erb within layouts/application
  [1m[36mUser Load (1.2ms)[0m  [1m[34mSELECT "users".* FROM "users"[0m
  Rendered users/index.html.erb within layouts/application (17.8ms)
Completed 200 OK in 69ms (Views: 60.3ms | ActiveRecord: 4.1ms)


Started GET "/users/new" for 127.0.0.1 at 2017-10-10 09:18:13 +0200
Processing by UsersController#new as HTML
  Rendering users/new.html.erb within layouts/application
  Rendered users/_form.html.erb (2.4ms)
  Rendered users/new.html.erb within layouts/application (6.6ms)
Completed 200 OK in 60ms (Views: 52.5ms | ActiveRecord: 0.0ms)


Started POST "/users" for 127.0.0.1 at 2017-10-10 09:18:14 +0200
Processing by UsersController#create as HTML
  Parameters: {"utf8"=>"✓", "authenticity_token"=>"74fepY4h0ZLzWY8Oo5j3hdBmBGgY0Wf0JnMqteY3xi7xgqjCGp6tG5rXFrAXj+sF4L4KPZ/pOY/nLqhbWIiJVg==", "user"=>{"name"=>"", "email"=>""}, "commit"=>"Create User"}
  [1m[35m (0.1ms)[0m  [1m[36mbegin transaction[0m
  [1m[35m (0.1ms)[0m  [1m[31mrollback transaction[0m
  Rendering users/new.html.erb within layouts/application
  Rendered users/_form.html.erb (4.4ms)
  Rendered users/new.html.erb within layouts/application (8.6ms)
Completed 200 OK in 62ms (Views: 55.0ms | ActiveRecord: 0.2ms)


Started GET "/users" for 127.0.0.1 at 2017-10-10 09:18:18 +0200
Processing by UsersController#index as HTML
  Rendering users/index.html.erb within layouts/application
  [1m[36mUser Load (1.0ms)[0m  [1m[34mSELECT "users".* FROM "users"[0m
  Rendered users/index.html.erb within layouts/application (4.3ms)
Completed 200 OK in 56ms (Views: 46.5ms | ActiveRecord: 1.0ms)


